<?xml version="1.0" encoding="UTF-8"?>
<!-- Generated by org.testng.reporters.JUnitReportReporter -->
<testsuite hostname="MacBook-Pro-de-Jose.local" failures="0" tests="1" name="tests.SeleniumDemo" time="24.849" errors="0" timestamp="2022-03-15T21:04:06 CST" skipped="0">
  <testcase classname="tests.SeleniumDemo" name="radioButton" time="24.849"/>
  <system-out/>
</testsuite> <!-- tests.SeleniumDemo -->
